INFO("Solicitando Licença...")
SERVERINFO("909899","Connected to Console License Center")
PKG:Array
(
 [0] => 
 [1] => 16679018c4060d8b7223f49338c85ae2
 [2] => 00:0c:29:fe:97:cc
 [3] => ABC
 [4] => 1176821596
 [5] => -----BEGIN CERTIFICATE-----
MIICgDCCAemgAwIBAgIBADANBgkqhkiG9w0BAQQFADCBhTELMAkGA1UEBhMCVUsx
DzANBgNVBAgTBkxvbmRvbjENMAsGA1UEBxMEQmxhaDEOMAwGA1UEChMFQmxhaDEx
DjAMBgNVBAsTBUJsYWgyMRMwEQYDVQQDEwpKb2UgQmxvZ2dzMSEwHwYJKoZIhvcN
AQkBFhJvcGVuc3NsQGRvbWFpbi5jb20wHhcNMDcwNDE3MTQ1MzE2WhcNMDgwNDE2
MTQ1MzE2WjCBhTELMAkGA1UEBhMCVUsxDzANBgNVBAgTBkxvbmRvbjENMAsGA1UE
BxMEQmxhaDEOMAwGA1UEChMFQmxhaDExDjAMBgNVBAsTBUJsYWgyMRMwEQYDVQQD
EwpKb2UgQmxvZ2dzMSEwHwYJKoZIhvcNAQkBFhJvcGVuc3NsQGRvbWFpbi5jb20w
gZ8wDQYJKoZIhvcNAQEBBQADgY0AMIGJAoGBAKqSNArX04HHe4DFi8On4YAxhgpl
v3RcA0ArCnl8Dt2fOHkScWC10u5Or8XJ6J7ckd80aJaXdylyTrceSFSdZm18+Kfk
PLIvz+kDdNw08SOAdB+lpK+szArnZ1LSgkgj1Y60UpQ+/8mh5bllPN1irRJHn4vZ
ld4uXLlAmZoHBtJFAgMBAAEwDQYJKoZIhvcNAQEEBQADgYEASv+8HzN+WxBxobvk
GNE5Qz6/vf+84e9Bhp2R3NxAVq0F9gsnkqfsuYtqJp82d9fwP4jcbcdJ+5y//yDa
SlBiAUc2B0bwSV6j2xZ7ZkQHf6VSrSlezR1Ty6XKI7doJrbOUcXimTvr5H5Mo0HE
7cjD5nErWgOfNIH4p66QkFpSHw0=
-----END CERTIFICATE-----
)
OK("Licença obtida com sucesso")

/EOF/